
dec_digits=1000  lrs_digits=112

2  0  0  1  0  0  0  0  0  0 -100 
1  1  0  0  0  0  0  0  0  0  100 

2  0  0  1  0  0  0  0  0  0 -100 
1  0  0  0  0  1  0  0  0  0  100 

2  0  0  1  0  0  0  0  0  0 -100 
1  0  0  0  1  0  0  0  0  0  100 

2  0  0  1  0  0  0  0  0  0 -100 
1  0  0  0  0  0  0  1  0  0  100 

2  0  0  1  0  0  0  0  0  0 -100 
1  0  1  0  0  0  0  0  0  0  100 

2  0  0  1  0  0  0  0  0  0 -100 
1  0  0  0  0  0  0  0  1  0  100 

2  0  0  1  0  0  0  0  0  0 -100 
1  0  0  1  0  0  0  0  0  0  100 

2  0  0  1  0  0  0  0  0  0 -100 
1  0  0  0  0  0  1  0  0  0  100 

2  0  0  1  0  0  0  0  0  0 -100 
1  0  0  0  0  0  0  0  0  1  100 

*Number of equilibria found: 9
*Player 1: vertices=9 bases=545 pivots=554
*Player 2: vertices=9 bases=17 pivots=37

