
dec_digits=1000  lrs_digits=112

2  1  0  0  0  0  0  0  0  0 -100 
2  0  0  1  0  0  0  0  0  0 -100 
2  0  0  0  0  1  0  0  0  0 -100 
2  0  0  0  0  0  0  1  0  0 -100 
1  0  1  0  0  0  0  0  0  0  100 

2  1  0  0  0  0  0  0  0  0 -100 
2  0  0  1  0  0  0  0  0  0 -100 
2  0  0  0  0  1  0  0  0  0 -100 
2  0  0  0  0  0  0  1  0  0 -100 
1  0  0  0  1  0  0  0  0  0  100 

2  1  0  0  0  0  0  0  0  0 -100 
2  0  0  1  0  0  0  0  0  0 -100 
2  0  0  0  0  1  0  0  0  0 -100 
2  0  0  0  0  0  0  1  0  0 -100 
1  0  0  0  0  0  0  0  1  0  100 

2  1  0  0  0  0  0  0  0  0 -100 
2  0  0  1  0  0  0  0  0  0 -100 
2  0  0  0  0  1  0  0  0  0 -100 
2  0  0  0  0  0  0  1  0  0 -100 
1  1  0  0  0  0  0  0  0  0  100 

2  1  0  0  0  0  0  0  0  0 -100 
2  0  0  1  0  0  0  0  0  0 -100 
2  0  0  0  0  1  0  0  0  0 -100 
2  0  0  0  0  0  0  1  0  0 -100 
1  0  0  1  0  0  0  0  0  0  100 

2  1  0  0  0  0  0  0  0  0 -100 
2  0  0  1  0  0  0  0  0  0 -100 
2  0  0  0  0  1  0  0  0  0 -100 
2  0  0  0  0  0  0  1  0  0 -100 
1  0  0  0  0  1  0  0  0  0  100 

2  1  0  0  0  0  0  0  0  0 -100 
2  0  0  1  0  0  0  0  0  0 -100 
2  0  0  0  0  1  0  0  0  0 -100 
2  0  0  0  0  0  0  1  0  0 -100 
1  0  0  0  0  0  0  1  0  0  100 

2  1  0  0  0  0  0  0  0  0 -100 
2  0  0  1  0  0  0  0  0  0 -100 
2  0  0  0  0  1  0  0  0  0 -100 
2  0  0  0  0  0  0  1  0  0 -100 
1  0  0  0  0  0  0  0  0  1  100 

2  1  0  0  0  0  0  0  0  0 -100 
2  0  0  1  0  0  0  0  0  0 -100 
2  0  0  0  0  1  0  0  0  0 -100 
2  0  0  0  0  0  0  1  0  0 -100 
1  0  0  0  0  0  1  0  0  0  100 

*Number of equilibria found: 36
*Player 1: vertices=9 bases=201 pivots=210
*Player 2: vertices=36 bases=108 pivots=125

