
dec_digits=1000  lrs_digits=112

2  1  0  0  0  0  0  0  0  0 -100 
2  0  0  1  0  0  0  0  0  0 -100 
2  0  0  0  1  0  0  0  0  0 -100 
1  1  0  0  0  0  0  0  0  0  100 

2  1  0  0  0  0  0  0  0  0 -100 
2  0  0  1  0  0  0  0  0  0 -100 
2  0  0  0  1  0  0  0  0  0 -100 
1  0  1  0  0  0  0  0  0  0  100 

2  1  0  0  0  0  0  0  0  0 -100 
2  0  0  1  0  0  0  0  0  0 -100 
2  0  0  0  1  0  0  0  0  0 -100 
1  0  0  0  0  1  0  0  0  0  100 

2  1  0  0  0  0  0  0  0  0 -100 
2  0  0  1  0  0  0  0  0  0 -100 
2  0  0  0  1  0  0  0  0  0 -100 
1  0  0  0  0  0  0  0  1  0  100 

2  1  0  0  0  0  0  0  0  0 -100 
2  0  0  1  0  0  0  0  0  0 -100 
2  0  0  0  1  0  0  0  0  0 -100 
1  0  0  0  0  0  0  1  0  0  100 

2  1  0  0  0  0  0  0  0  0 -100 
2  0  0  1  0  0  0  0  0  0 -100 
2  0  0  0  1  0  0  0  0  0 -100 
1  0  0  0  1  0  0  0  0  0  100 

2  1  0  0  0  0  0  0  0  0 -100 
2  0  0  1  0  0  0  0  0  0 -100 
2  0  0  0  1  0  0  0  0  0 -100 
1  0  0  0  0  0  0  0  0  1  100 

2  1  0  0  0  0  0  0  0  0 -100 
2  0  0  1  0  0  0  0  0  0 -100 
2  0  0  0  1  0  0  0  0  0 -100 
1  0  0  0  0  0  1  0  0  0  100 

2  1  0  0  0  0  0  0  0  0 -100 
2  0  0  1  0  0  0  0  0  0 -100 
2  0  0  0  1  0  0  0  0  0 -100 
1  0  0  1  0  0  0  0  0  0  100 

*Number of equilibria found: 27
*Player 1: vertices=9 bases=321 pivots=330
*Player 2: vertices=27 bases=73 pivots=90

