
dec_digits=1000  lrs_digits=112

2  0  0  0  0  1  0  0  0  0 -100 
2  0  0  0  0  0  1  0  0  0 -100 
2  0  0  0  0  0  0  1  0  0 -100 
2  0  0  0  0  0  0  0  1  0 -100 
2  0  0  0  0  0  0  0  0  1 -100 
1  1  0  0  0  0  0  0  0  0  100 

2  0  0  0  0  1  0  0  0  0 -100 
2  0  0  0  0  0  1  0  0  0 -100 
2  0  0  0  0  0  0  1  0  0 -100 
2  0  0  0  0  0  0  0  1  0 -100 
2  0  0  0  0  0  0  0  0  1 -100 
1  0  1  0  0  0  0  0  0  0  100 

2  0  0  0  0  1  0  0  0  0 -100 
2  0  0  0  0  0  1  0  0  0 -100 
2  0  0  0  0  0  0  1  0  0 -100 
2  0  0  0  0  0  0  0  1  0 -100 
2  0  0  0  0  0  0  0  0  1 -100 
1  0  0  0  0  0  0  0  1  0  100 

2  0  0  0  0  1  0  0  0  0 -100 
2  0  0  0  0  0  1  0  0  0 -100 
2  0  0  0  0  0  0  1  0  0 -100 
2  0  0  0  0  0  0  0  1  0 -100 
2  0  0  0  0  0  0  0  0  1 -100 
1  0  0  0  1  0  0  0  0  0  100 

2  0  0  0  0  1  0  0  0  0 -100 
2  0  0  0  0  0  1  0  0  0 -100 
2  0  0  0  0  0  0  1  0  0 -100 
2  0  0  0  0  0  0  0  1  0 -100 
2  0  0  0  0  0  0  0  0  1 -100 
1  0  0  1  0  0  0  0  0  0  100 

2  0  0  0  0  1  0  0  0  0 -100 
2  0  0  0  0  0  1  0  0  0 -100 
2  0  0  0  0  0  0  1  0  0 -100 
2  0  0  0  0  0  0  0  1  0 -100 
2  0  0  0  0  0  0  0  0  1 -100 
1  0  0  0  0  0  0  1  0  0  100 

2  0  0  0  0  1  0  0  0  0 -100 
2  0  0  0  0  0  1  0  0  0 -100 
2  0  0  0  0  0  0  1  0  0 -100 
2  0  0  0  0  0  0  0  1  0 -100 
2  0  0  0  0  0  0  0  0  1 -100 
1  0  0  0  0  0  1  0  0  0  100 

2  0  0  0  0  1  0  0  0  0 -100 
2  0  0  0  0  0  1  0  0  0 -100 
2  0  0  0  0  0  0  1  0  0 -100 
2  0  0  0  0  0  0  0  1  0 -100 
2  0  0  0  0  0  0  0  0  1 -100 
1  0  0  0  0  1  0  0  0  0  100 

2  0  0  0  0  1  0  0  0  0 -100 
2  0  0  0  0  0  1  0  0  0 -100 
2  0  0  0  0  0  0  1  0  0 -100 
2  0  0  0  0  0  0  0  1  0 -100 
2  0  0  0  0  0  0  0  0  1 -100 
1  0  0  0  0  0  0  0  0  1  100 

*Number of equilibria found: 45
*Player 1: vertices=9 bases=91 pivots=100
*Player 2: vertices=45 bases=127 pivots=151

