
dec_digits=1000  lrs_digits=112

2  0  1  0  0  0  0  0  0  0 -100 
2  0  0  0  0  0  1  0  0  0 -100 
1  1  0  0  0  0  0  0  0  0  100 

2  0  1  0  0  0  0  0  0  0 -100 
2  0  0  0  0  0  1  0  0  0 -100 
1  0  0  0  0  1  0  0  0  0  100 

2  0  1  0  0  0  0  0  0  0 -100 
2  0  0  0  0  0  1  0  0  0 -100 
1  0  0  0  0  0  0  1  0  0  100 

2  0  1  0  0  0  0  0  0  0 -100 
2  0  0  0  0  0  1  0  0  0 -100 
1  0  1  0  0  0  0  0  0  0  100 

2  0  1  0  0  0  0  0  0  0 -100 
2  0  0  0  0  0  1  0  0  0 -100 
1  0  0  0  0  0  1  0  0  0  100 

2  0  1  0  0  0  0  0  0  0 -100 
2  0  0  0  0  0  1  0  0  0 -100 
1  0  0  1  0  0  0  0  0  0  100 

2  0  1  0  0  0  0  0  0  0 -100 
2  0  0  0  0  0  1  0  0  0 -100 
1  0  0  0  0  0  0  0  1  0  100 

2  0  1  0  0  0  0  0  0  0 -100 
2  0  0  0  0  0  1  0  0  0 -100 
1  0  0  0  0  0  0  0  0  1  100 

2  0  1  0  0  0  0  0  0  0 -100 
2  0  0  0  0  0  1  0  0  0 -100 
1  0  0  0  1  0  0  0  0  0  100 

*Number of equilibria found: 18
*Player 1: vertices=9 bases=423 pivots=432
*Player 2: vertices=18 bases=38 pivots=58

