
dec_digits=1000  lrs_digits=112

2  0  0  1  0  0  0  0  0  0 -100 
2  0  0  0  0  1  0  0  0  0 -100 
2  0  0  0  0  0  1  0  0  0 -100 
2  0  0  0  0  0  0  1  0  0 -100 
2  0  0  0  0  0  0  0  1  0 -100 
2  0  0  0  0  0  0  0  0  1 -100 
1  1  0  0  0  0  0  0  0  0  100 

2  0  0  1  0  0  0  0  0  0 -100 
2  0  0  0  0  1  0  0  0  0 -100 
2  0  0  0  0  0  1  0  0  0 -100 
2  0  0  0  0  0  0  1  0  0 -100 
2  0  0  0  0  0  0  0  1  0 -100 
2  0  0  0  0  0  0  0  0  1 -100 
1  0  1  0  0  0  0  0  0  0  100 

2  0  0  1  0  0  0  0  0  0 -100 
2  0  0  0  0  1  0  0  0  0 -100 
2  0  0  0  0  0  1  0  0  0 -100 
2  0  0  0  0  0  0  1  0  0 -100 
2  0  0  0  0  0  0  0  1  0 -100 
2  0  0  0  0  0  0  0  0  1 -100 
1  0  0  0  0  0  0  0  1  0  100 

2  0  0  1  0  0  0  0  0  0 -100 
2  0  0  0  0  1  0  0  0  0 -100 
2  0  0  0  0  0  1  0  0  0 -100 
2  0  0  0  0  0  0  1  0  0 -100 
2  0  0  0  0  0  0  0  1  0 -100 
2  0  0  0  0  0  0  0  0  1 -100 
1  0  0  1  0  0  0  0  0  0  100 

2  0  0  1  0  0  0  0  0  0 -100 
2  0  0  0  0  1  0  0  0  0 -100 
2  0  0  0  0  0  1  0  0  0 -100 
2  0  0  0  0  0  0  1  0  0 -100 
2  0  0  0  0  0  0  0  1  0 -100 
2  0  0  0  0  0  0  0  0  1 -100 
1  0  0  0  0  0  0  1  0  0  100 

2  0  0  1  0  0  0  0  0  0 -100 
2  0  0  0  0  1  0  0  0  0 -100 
2  0  0  0  0  0  1  0  0  0 -100 
2  0  0  0  0  0  0  1  0  0 -100 
2  0  0  0  0  0  0  0  1  0 -100 
2  0  0  0  0  0  0  0  0  1 -100 
1  0  0  0  0  1  0  0  0  0  100 

2  0  0  1  0  0  0  0  0  0 -100 
2  0  0  0  0  1  0  0  0  0 -100 
2  0  0  0  0  0  1  0  0  0 -100 
2  0  0  0  0  0  0  1  0  0 -100 
2  0  0  0  0  0  0  0  1  0 -100 
2  0  0  0  0  0  0  0  0  1 -100 
1  0  0  0  1  0  0  0  0  0  100 

2  0  0  1  0  0  0  0  0  0 -100 
2  0  0  0  0  1  0  0  0  0 -100 
2  0  0  0  0  0  1  0  0  0 -100 
2  0  0  0  0  0  0  1  0  0 -100 
2  0  0  0  0  0  0  0  1  0 -100 
2  0  0  0  0  0  0  0  0  1 -100 
1  0  0  0  0  0  1  0  0  0  100 

2  0  0  1  0  0  0  0  0  0 -100 
2  0  0  0  0  1  0  0  0  0 -100 
2  0  0  0  0  0  1  0  0  0 -100 
2  0  0  0  0  0  0  1  0  0 -100 
2  0  0  0  0  0  0  0  1  0 -100 
2  0  0  0  0  0  0  0  0  1 -100 
1  0  0  0  0  0  0  0  0  1  100 

*Number of equilibria found: 54
*Player 1: vertices=9 bases=77 pivots=86
*Player 2: vertices=54 bases=94 pivots=114

